[0.081s] Invoking command in '/home/ndari/ros2_ws/build/cpp_pubsub': CMAKE_PREFIX_PATH=/opt/ros/humble /usr/bin/cmake --build /home/ndari/ros2_ws/build/cpp_pubsub -- -j4 -l4
[0.390s] [35m[1mConsolidate compiler generated dependencies of target cpp_subscriber[0m
[0.401s] [35m[1mConsolidate compiler generated dependencies of target cpp_publisher[0m
[0.587s] [ 50%] Built target cpp_subscriber
[0.588s] [100%] Built target cpp_publisher
[0.640s] Invoked command in '/home/ndari/ros2_ws/build/cpp_pubsub' returned '0': CMAKE_PREFIX_PATH=/opt/ros/humble /usr/bin/cmake --build /home/ndari/ros2_ws/build/cpp_pubsub -- -j4 -l4
[0.685s] Invoking command in '/home/ndari/ros2_ws/build/cpp_pubsub': CMAKE_PREFIX_PATH=/opt/ros/humble /usr/bin/cmake --install /home/ndari/ros2_ws/build/cpp_pubsub
[0.707s] -- Install configuration: ""
[0.713s] -- Execute custom install script
[0.714s] -- Up-to-date symlink: /home/ndari/ros2_ws/install/cpp_pubsub/lib/cpp_pubsub/cpp_publisher
[0.714s] -- Up-to-date symlink: /home/ndari/ros2_ws/install/cpp_pubsub/lib/cpp_pubsub/cpp_subscriber
[0.715s] -- Up-to-date symlink: /home/ndari/ros2_ws/install/cpp_pubsub/share/ament_index/resource_index/package_run_dependencies/cpp_pubsub
[0.715s] -- Up-to-date symlink: /home/ndari/ros2_ws/install/cpp_pubsub/share/ament_index/resource_index/parent_prefix_path/cpp_pubsub
[0.716s] -- Up-to-date symlink: /home/ndari/ros2_ws/install/cpp_pubsub/share/cpp_pubsub/environment/ament_prefix_path.sh
[0.716s] -- Up-to-date symlink: /home/ndari/ros2_ws/install/cpp_pubsub/share/cpp_pubsub/environment/ament_prefix_path.dsv
[0.717s] -- Up-to-date symlink: /home/ndari/ros2_ws/install/cpp_pubsub/share/cpp_pubsub/environment/path.sh
[0.717s] -- Up-to-date symlink: /home/ndari/ros2_ws/install/cpp_pubsub/share/cpp_pubsub/environment/path.dsv
[0.717s] -- Up-to-date symlink: /home/ndari/ros2_ws/install/cpp_pubsub/share/cpp_pubsub/local_setup.bash
[0.718s] -- Up-to-date symlink: /home/ndari/ros2_ws/install/cpp_pubsub/share/cpp_pubsub/local_setup.sh
[0.718s] -- Up-to-date symlink: /home/ndari/ros2_ws/install/cpp_pubsub/share/cpp_pubsub/local_setup.zsh
[0.718s] -- Up-to-date symlink: /home/ndari/ros2_ws/install/cpp_pubsub/share/cpp_pubsub/local_setup.dsv
[0.719s] -- Symlinking: /home/ndari/ros2_ws/install/cpp_pubsub/share/cpp_pubsub/package.dsv
[0.748s] -- Up-to-date symlink: /home/ndari/ros2_ws/install/cpp_pubsub/share/ament_index/resource_index/packages/cpp_pubsub
[0.748s] -- Up-to-date symlink: /home/ndari/ros2_ws/install/cpp_pubsub/share/cpp_pubsub/cmake/cpp_pubsubConfig.cmake
[0.748s] -- Up-to-date symlink: /home/ndari/ros2_ws/install/cpp_pubsub/share/cpp_pubsub/cmake/cpp_pubsubConfig-version.cmake
[0.748s] -- Up-to-date symlink: /home/ndari/ros2_ws/install/cpp_pubsub/share/cpp_pubsub/package.xml
[0.759s] Invoked command in '/home/ndari/ros2_ws/build/cpp_pubsub' returned '0': CMAKE_PREFIX_PATH=/opt/ros/humble /usr/bin/cmake --install /home/ndari/ros2_ws/build/cpp_pubsub
